<?xml version="1.0" encoding="UTF-8"?>
<testng-results ignored="0" total="1" passed="1" failed="0" skipped="0">
  <reporter-output>
  </reporter-output>
  <suite started-at="2025-09-29T12:56:24 IST" name="Default suite" finished-at="2025-09-29T12:56:30 IST" duration-ms="5472">
    <groups>
    </groups>
    <test started-at="2025-09-29T12:56:24 IST" name="Default test" finished-at="2025-09-29T12:56:30 IST" duration-ms="5472">
      <class name="com.swaglab.tests.logintest">
        <test-method is-config="true" signature="setupMethod()[pri:0, instance:com.swaglab.tests.logintest@62379589]" started-at="2025-09-29T12:56:24 IST" name="setupMethod" finished-at="2025-09-29T12:56:27 IST" duration-ms="2564" status="PASS">
          <reporter-output>
          </reporter-output>
        </test-method> <!-- setupMethod -->
        <test-method signature="loginByvalidCredential()[pri:0, instance:com.swaglab.tests.logintest@62379589]" started-at="2025-09-29T12:56:27 IST" name="loginByvalidCredential" finished-at="2025-09-29T12:56:30 IST" duration-ms="2787" status="PASS">
          <reporter-output>
          </reporter-output>
        </test-method> <!-- loginByvalidCredential -->
      </class> <!-- com.swaglab.tests.logintest -->
    </test> <!-- Default test -->
  </suite> <!-- Default suite -->
</testng-results>
